#! /c/Source/iverilog-install/bin/vvp
:ivl_version "12.0 (devel)" "(s20150603-1539-g2693dd32b)";
:ivl_delay_selection "TYPICAL";
:vpi_time_precision - 12;
:vpi_module "C:\iverilog\lib\ivl\system.vpi";
:vpi_module "C:\iverilog\lib\ivl\vhdl_sys.vpi";
:vpi_module "C:\iverilog\lib\ivl\vhdl_textio.vpi";
:vpi_module "C:\iverilog\lib\ivl\v2005_math.vpi";
:vpi_module "C:\iverilog\lib\ivl\va_math.vpi";
:vpi_module "C:\iverilog\lib\ivl\v2009.vpi";
S_000002aa0d9c4ca0 .scope package, "$unit" "$unit" 2 1;
 .timescale 0 0;
S_000002aa0d9c4e30 .scope module, "cpu_tb" "cpu_tb" 3 2;
 .timescale -9 -12;
v000002aa0da36450_0 .var "clk", 0 0;
v000002aa0da36770_0 .net "halted", 0 0, v000002aa0da361d0_0;  1 drivers
v000002aa0da36810_0 .var/i "i", 31 0;
v000002aa0da368b0_0 .var "rst", 0 0;
E_000002aa0d9c3090 .event anyedge, v000002aa0da361d0_0;
S_000002aa0d9d82c0 .scope module, "uut" "cpu" 3 6, 4 3 0, S_000002aa0d9c4e30;
 .timescale 0 0;
    .port_info 0 /INPUT 1 "clk";
    .port_info 1 /INPUT 1 "rst";
    .port_info 2 /OUTPUT 1 "halted";
v000002aa0da35690_1 .array/port v000002aa0da35690, 1;
L_000002aa0d9d73f0 .functor BUFZ 16, v000002aa0da35690_1, C4<0000000000000000>, C4<0000000000000000>, C4<0000000000000000>;
v000002aa0da35690_2 .array/port v000002aa0da35690, 2;
L_000002aa0d9d7850 .functor BUFZ 16, v000002aa0da35690_2, C4<0000000000000000>, C4<0000000000000000>, C4<0000000000000000>;
L_000002aa0d9d6f90 .functor BUFZ 16, L_000002aa0da36950, C4<0000000000000000>, C4<0000000000000000>, C4<0000000000000000>;
v000002aa0d9b9850_0 .net "R1", 15 0, L_000002aa0d9d73f0;  1 drivers
v000002aa0d9ba1b0_0 .net "R2", 15 0, L_000002aa0d9d7850;  1 drivers
L_000002aa0da80088 .functor BUFT 1, C4<00>, C4<0>, C4<0>, C4<0>;
v000002aa0d9b9cb0_0 .net *"_ivl_11", 1 0, L_000002aa0da80088;  1 drivers
v000002aa0d9b9a30_0 .net *"_ivl_29", 0 0, L_000002aa0da379c0;  1 drivers
v000002aa0d9b9ad0_0 .net *"_ivl_30", 6 0, L_000002aa0da37ba0;  1 drivers
v000002aa0d9b9e90_0 .net *"_ivl_35", 0 0, L_000002aa0da38460;  1 drivers
v000002aa0d9ba070_0 .net *"_ivl_36", 9 0, L_000002aa0da37240;  1 drivers
v000002aa0d9ba110_0 .net *"_ivl_40", 31 0, L_000002aa0da383c0;  1 drivers
L_000002aa0da800d0 .functor BUFT 1, C4<00000000000000000000000000000>, C4<0>, C4<0>, C4<0>;
v000002aa0d9ba250_0 .net *"_ivl_43", 28 0, L_000002aa0da800d0;  1 drivers
L_000002aa0da80118 .functor BUFT 1, C4<00000000000000000000000000000000>, C4<0>, C4<0>, C4<0>;
v000002aa0d9ba390_0 .net/2u *"_ivl_44", 31 0, L_000002aa0da80118;  1 drivers
v000002aa0da357d0_0 .net *"_ivl_46", 0 0, L_000002aa0da38a00;  1 drivers
L_000002aa0da80160 .functor BUFT 1, C4<0000000000000000>, C4<0>, C4<0>, C4<0>;
v000002aa0da35870_0 .net/2u *"_ivl_48", 15 0, L_000002aa0da80160;  1 drivers
v000002aa0da36d10_0 .net *"_ivl_50", 15 0, L_000002aa0da37c40;  1 drivers
v000002aa0da35190_0 .net *"_ivl_52", 4 0, L_000002aa0da38960;  1 drivers
L_000002aa0da801a8 .functor BUFT 1, C4<00>, C4<0>, C4<0>, C4<0>;
v000002aa0da35230_0 .net *"_ivl_55", 1 0, L_000002aa0da801a8;  1 drivers
v000002aa0da352d0_0 .net *"_ivl_58", 31 0, L_000002aa0da37e20;  1 drivers
v000002aa0da364f0_0 .net *"_ivl_6", 15 0, L_000002aa0da36950;  1 drivers
L_000002aa0da801f0 .functor BUFT 1, C4<00000000000000000000000000000>, C4<0>, C4<0>, C4<0>;
v000002aa0da350f0_0 .net *"_ivl_61", 28 0, L_000002aa0da801f0;  1 drivers
L_000002aa0da80238 .functor BUFT 1, C4<00000000000000000000000000000000>, C4<0>, C4<0>, C4<0>;
v000002aa0da369f0_0 .net/2u *"_ivl_62", 31 0, L_000002aa0da80238;  1 drivers
v000002aa0da36270_0 .net *"_ivl_64", 0 0, L_000002aa0da38500;  1 drivers
L_000002aa0da80280 .functor BUFT 1, C4<0000000000000000>, C4<0>, C4<0>, C4<0>;
v000002aa0da359b0_0 .net/2u *"_ivl_66", 15 0, L_000002aa0da80280;  1 drivers
v000002aa0da36590_0 .net *"_ivl_68", 15 0, L_000002aa0da38000;  1 drivers
v000002aa0da35ff0_0 .net *"_ivl_70", 4 0, L_000002aa0da38320;  1 drivers
L_000002aa0da802c8 .functor BUFT 1, C4<00>, C4<0>, C4<0>, C4<0>;
v000002aa0da35910_0 .net *"_ivl_73", 1 0, L_000002aa0da802c8;  1 drivers
v000002aa0da34fb0_0 .net *"_ivl_76", 31 0, L_000002aa0da38640;  1 drivers
L_000002aa0da80310 .functor BUFT 1, C4<00000000000000000000000000000>, C4<0>, C4<0>, C4<0>;
v000002aa0da35cd0_0 .net *"_ivl_79", 28 0, L_000002aa0da80310;  1 drivers
v000002aa0da35370_0 .net *"_ivl_8", 9 0, L_000002aa0da36b30;  1 drivers
L_000002aa0da80358 .functor BUFT 1, C4<00000000000000000000000000000000>, C4<0>, C4<0>, C4<0>;
v000002aa0da35eb0_0 .net/2u *"_ivl_80", 31 0, L_000002aa0da80358;  1 drivers
v000002aa0da355f0_0 .net *"_ivl_82", 0 0, L_000002aa0da37420;  1 drivers
L_000002aa0da803a0 .functor BUFT 1, C4<0000000000000000>, C4<0>, C4<0>, C4<0>;
v000002aa0da35410_0 .net/2u *"_ivl_84", 15 0, L_000002aa0da803a0;  1 drivers
v000002aa0da35550_0 .net *"_ivl_86", 15 0, L_000002aa0da37a60;  1 drivers
v000002aa0da366d0_0 .net *"_ivl_88", 4 0, L_000002aa0da37560;  1 drivers
L_000002aa0da803e8 .functor BUFT 1, C4<00>, C4<0>, C4<0>, C4<0>;
v000002aa0da354b0_0 .net *"_ivl_91", 1 0, L_000002aa0da803e8;  1 drivers
v000002aa0da36bd0_0 .net "clk", 0 0, v000002aa0da36450_0;  1 drivers
v000002aa0da36db0 .array "dmem", 255 0, 15 0;
v000002aa0da361d0_0 .var "halted", 0 0;
v000002aa0da35f50_0 .var/i "i", 31 0;
v000002aa0da36630 .array "imem", 255 0, 15 0;
v000002aa0da35d70_0 .net "imm12", 11 0, L_000002aa0da386e0;  1 drivers
v000002aa0da36c70_0 .net "imm6", 5 0, L_000002aa0da388c0;  1 drivers
v000002aa0da36a90_0 .net "imm9", 8 0, L_000002aa0da38280;  1 drivers
v000002aa0da36090_0 .net "inst", 15 0, L_000002aa0d9d6f90;  1 drivers
v000002aa0da35b90_0 .net "op", 3 0, L_000002aa0da385a0;  1 drivers
v000002aa0da36e50_0 .var "pc", 7 0;
v000002aa0da35a50_0 .net "rd", 2 0, L_000002aa0da37ec0;  1 drivers
v000002aa0da35690 .array "regs", 7 0, 15 0;
v000002aa0da35050_0 .net "rs", 2 0, L_000002aa0da38780;  1 drivers
v000002aa0da35af0_0 .net "rst", 0 0, v000002aa0da368b0_0;  1 drivers
v000002aa0da35730_0 .net "rt", 2 0, L_000002aa0da37b00;  1 drivers
v000002aa0da35c30_0 .net/s "sext6", 15 0, L_000002aa0da38d20;  1 drivers
v000002aa0da36310_0 .net/s "sext9", 15 0, L_000002aa0da371a0;  1 drivers
v000002aa0da35e10_0 .net "vd", 15 0, L_000002aa0da38dc0;  1 drivers
v000002aa0da36130_0 .net "vs", 15 0, L_000002aa0da38140;  1 drivers
v000002aa0da363b0_0 .net "vt", 15 0, L_000002aa0da38aa0;  1 drivers
E_000002aa0d9c2610 .event posedge, v000002aa0da35af0_0, v000002aa0da36bd0_0;
L_000002aa0da36950 .array/port v000002aa0da36630, L_000002aa0da36b30;
L_000002aa0da36b30 .concat [ 8 2 0 0], v000002aa0da36e50_0, L_000002aa0da80088;
L_000002aa0da385a0 .part L_000002aa0d9d6f90, 12, 4;
L_000002aa0da37ec0 .part L_000002aa0d9d6f90, 9, 3;
L_000002aa0da38780 .part L_000002aa0d9d6f90, 6, 3;
L_000002aa0da37b00 .part L_000002aa0d9d6f90, 3, 3;
L_000002aa0da38280 .part L_000002aa0d9d6f90, 0, 9;
L_000002aa0da388c0 .part L_000002aa0d9d6f90, 0, 6;
L_000002aa0da386e0 .part L_000002aa0d9d6f90, 0, 12;
L_000002aa0da379c0 .part L_000002aa0da38280, 8, 1;
LS_000002aa0da37ba0_0_0 .concat [ 1 1 1 1], L_000002aa0da379c0, L_000002aa0da379c0, L_000002aa0da379c0, L_000002aa0da379c0;
LS_000002aa0da37ba0_0_4 .concat [ 1 1 1 0], L_000002aa0da379c0, L_000002aa0da379c0, L_000002aa0da379c0;
L_000002aa0da37ba0 .concat [ 4 3 0 0], LS_000002aa0da37ba0_0_0, LS_000002aa0da37ba0_0_4;
L_000002aa0da371a0 .concat [ 9 7 0 0], L_000002aa0da38280, L_000002aa0da37ba0;
L_000002aa0da38460 .part L_000002aa0da388c0, 5, 1;
LS_000002aa0da37240_0_0 .concat [ 1 1 1 1], L_000002aa0da38460, L_000002aa0da38460, L_000002aa0da38460, L_000002aa0da38460;
LS_000002aa0da37240_0_4 .concat [ 1 1 1 1], L_000002aa0da38460, L_000002aa0da38460, L_000002aa0da38460, L_000002aa0da38460;
LS_000002aa0da37240_0_8 .concat [ 1 1 0 0], L_000002aa0da38460, L_000002aa0da38460;
L_000002aa0da37240 .concat [ 4 4 2 0], LS_000002aa0da37240_0_0, LS_000002aa0da37240_0_4, LS_000002aa0da37240_0_8;
L_000002aa0da38d20 .concat [ 6 10 0 0], L_000002aa0da388c0, L_000002aa0da37240;
L_000002aa0da383c0 .concat [ 3 29 0 0], L_000002aa0da38780, L_000002aa0da800d0;
L_000002aa0da38a00 .cmp/eq 32, L_000002aa0da383c0, L_000002aa0da80118;
L_000002aa0da37c40 .array/port v000002aa0da35690, L_000002aa0da38960;
L_000002aa0da38960 .concat [ 3 2 0 0], L_000002aa0da38780, L_000002aa0da801a8;
L_000002aa0da38140 .functor MUXZ 16, L_000002aa0da37c40, L_000002aa0da80160, L_000002aa0da38a00, C4<>;
L_000002aa0da37e20 .concat [ 3 29 0 0], L_000002aa0da37b00, L_000002aa0da801f0;
L_000002aa0da38500 .cmp/eq 32, L_000002aa0da37e20, L_000002aa0da80238;
L_000002aa0da38000 .array/port v000002aa0da35690, L_000002aa0da38320;
L_000002aa0da38320 .concat [ 3 2 0 0], L_000002aa0da37b00, L_000002aa0da802c8;
L_000002aa0da38aa0 .functor MUXZ 16, L_000002aa0da38000, L_000002aa0da80280, L_000002aa0da38500, C4<>;
L_000002aa0da38640 .concat [ 3 29 0 0], L_000002aa0da37ec0, L_000002aa0da80310;
L_000002aa0da37420 .cmp/eq 32, L_000002aa0da38640, L_000002aa0da80358;
L_000002aa0da37a60 .array/port v000002aa0da35690, L_000002aa0da37560;
L_000002aa0da37560 .concat [ 3 2 0 0], L_000002aa0da37ec0, L_000002aa0da803e8;
L_000002aa0da38dc0 .functor MUXZ 16, L_000002aa0da37a60, L_000002aa0da803a0, L_000002aa0da37420, C4<>;
    .scope S_000002aa0d9d82c0;
T_0 ;
    %wait E_000002aa0d9c2610;
    %load/vec4 v000002aa0da35af0_0;
    %flag_set/vec4 8;
    %jmp/0xz  T_0.0, 8;
    %pushi/vec4 0, 0, 8;
    %assign/vec4 v000002aa0da36e50_0, 0;
    %pushi/vec4 0, 0, 1;
    %assign/vec4 v000002aa0da361d0_0, 0;
    %pushi/vec4 0, 0, 32;
    %store/vec4 v000002aa0da35f50_0, 0, 32;
T_0.2 ;
    %load/vec4 v000002aa0da35f50_0;
    %cmpi/s 8, 0, 32;
    %jmp/0xz T_0.3, 5;
    %pushi/vec4 0, 0, 16;
    %ix/getv/s 3, v000002aa0da35f50_0;
    %ix/load 4, 0, 0; Constant delay
    %assign/vec4/a/d v000002aa0da35690, 0, 4;
    %load/vec4 v000002aa0da35f50_0;
    %addi 1, 0, 32;
    %store/vec4 v000002aa0da35f50_0, 0, 32;
    %jmp T_0.2;
T_0.3 ;
    %jmp T_0.1;
T_0.0 ;
    %load/vec4 v000002aa0da361d0_0;
    %nor/r;
    %flag_set/vec4 8;
    %jmp/0xz  T_0.4, 8;
    %load/vec4 v000002aa0da35b90_0;
    %dup/vec4;
    %pushi/vec4 0, 0, 4;
    %cmp/u;
    %jmp/1 T_0.6, 6;
    %dup/vec4;
    %pushi/vec4 1, 0, 4;
    %cmp/u;
    %jmp/1 T_0.7, 6;
    %dup/vec4;
    %pushi/vec4 2, 0, 4;
    %cmp/u;
    %jmp/1 T_0.8, 6;
    %dup/vec4;
    %pushi/vec4 3, 0, 4;
    %cmp/u;
    %jmp/1 T_0.9, 6;
    %dup/vec4;
    %pushi/vec4 4, 0, 4;
    %cmp/u;
    %jmp/1 T_0.10, 6;
    %dup/vec4;
    %pushi/vec4 5, 0, 4;
    %cmp/u;
    %jmp/1 T_0.11, 6;
    %dup/vec4;
    %pushi/vec4 6, 0, 4;
    %cmp/u;
    %jmp/1 T_0.12, 6;
    %dup/vec4;
    %pushi/vec4 7, 0, 4;
    %cmp/u;
    %jmp/1 T_0.13, 6;
    %dup/vec4;
    %pushi/vec4 8, 0, 4;
    %cmp/u;
    %jmp/1 T_0.14, 6;
    %dup/vec4;
    %pushi/vec4 9, 0, 4;
    %cmp/u;
    %jmp/1 T_0.15, 6;
    %dup/vec4;
    %pushi/vec4 10, 0, 4;
    %cmp/u;
    %jmp/1 T_0.16, 6;
    %dup/vec4;
    %pushi/vec4 11, 0, 4;
    %cmp/u;
    %jmp/1 T_0.17, 6;
    %dup/vec4;
    %pushi/vec4 15, 0, 4;
    %cmp/u;
    %jmp/1 T_0.18, 6;
    %load/vec4 v000002aa0da36e50_0;
    %addi 1, 0, 8;
    %assign/vec4 v000002aa0da36e50_0, 0;
    %jmp T_0.20;
T_0.6 ;
    %load/vec4 v000002aa0da36e50_0;
    %addi 1, 0, 8;
    %assign/vec4 v000002aa0da36e50_0, 0;
    %jmp T_0.20;
T_0.7 ;
    %load/vec4 v000002aa0da35a50_0;
    %pad/u 32;
    %cmpi/ne 0, 0, 32;
    %jmp/0xz  T_0.21, 4;
    %load/vec4 v000002aa0da36130_0;
    %load/vec4 v000002aa0da363b0_0;
    %add;
    %load/vec4 v000002aa0da35a50_0;
    %pad/u 5;
    %ix/vec4 3;
    %ix/load 4, 0, 0; Constant delay
    %assign/vec4/a/d v000002aa0da35690, 0, 4;
T_0.21 ;
    %load/vec4 v000002aa0da36e50_0;
    %addi 1, 0, 8;
    %assign/vec4 v000002aa0da36e50_0, 0;
    %jmp T_0.20;
T_0.8 ;
    %load/vec4 v000002aa0da35a50_0;
    %pad/u 32;
    %cmpi/ne 0, 0, 32;
    %jmp/0xz  T_0.23, 4;
    %load/vec4 v000002aa0da36130_0;
    %load/vec4 v000002aa0da363b0_0;
    %sub;
    %load/vec4 v000002aa0da35a50_0;
    %pad/u 5;
    %ix/vec4 3;
    %ix/load 4, 0, 0; Constant delay
    %assign/vec4/a/d v000002aa0da35690, 0, 4;
T_0.23 ;
    %load/vec4 v000002aa0da36e50_0;
    %addi 1, 0, 8;
    %assign/vec4 v000002aa0da36e50_0, 0;
    %jmp T_0.20;
T_0.9 ;
    %load/vec4 v000002aa0da35a50_0;
    %pad/u 32;
    %cmpi/ne 0, 0, 32;
    %jmp/0xz  T_0.25, 4;
    %load/vec4 v000002aa0da36130_0;
    %load/vec4 v000002aa0da363b0_0;
    %and;
    %load/vec4 v000002aa0da35a50_0;
    %pad/u 5;
    %ix/vec4 3;
    %ix/load 4, 0, 0; Constant delay
    %assign/vec4/a/d v000002aa0da35690, 0, 4;
T_0.25 ;
    %load/vec4 v000002aa0da36e50_0;
    %addi 1, 0, 8;
    %assign/vec4 v000002aa0da36e50_0, 0;
    %jmp T_0.20;
T_0.10 ;
    %load/vec4 v000002aa0da35a50_0;
    %pad/u 32;
    %cmpi/ne 0, 0, 32;
    %jmp/0xz  T_0.27, 4;
    %load/vec4 v000002aa0da36130_0;
    %load/vec4 v000002aa0da363b0_0;
    %or;
    %load/vec4 v000002aa0da35a50_0;
    %pad/u 5;
    %ix/vec4 3;
    %ix/load 4, 0, 0; Constant delay
    %assign/vec4/a/d v000002aa0da35690, 0, 4;
T_0.27 ;
    %load/vec4 v000002aa0da36e50_0;
    %addi 1, 0, 8;
    %assign/vec4 v000002aa0da36e50_0, 0;
    %jmp T_0.20;
T_0.11 ;
    %load/vec4 v000002aa0da35a50_0;
    %pad/u 32;
    %cmpi/ne 0, 0, 32;
    %jmp/0xz  T_0.29, 4;
    %load/vec4 v000002aa0da36130_0;
    %load/vec4 v000002aa0da363b0_0;
    %xor;
    %load/vec4 v000002aa0da35a50_0;
    %pad/u 5;
    %ix/vec4 3;
    %ix/load 4, 0, 0; Constant delay
    %assign/vec4/a/d v000002aa0da35690, 0, 4;
T_0.29 ;
    %load/vec4 v000002aa0da36e50_0;
    %addi 1, 0, 8;
    %assign/vec4 v000002aa0da36e50_0, 0;
    %jmp T_0.20;
T_0.12 ;
    %load/vec4 v000002aa0da35a50_0;
    %pad/u 32;
    %cmpi/ne 0, 0, 32;
    %jmp/0xz  T_0.31, 4;
    %load/vec4 v000002aa0da36130_0;
    %parti/s 8, 0, 2;
    %pad/u 10;
    %ix/vec4 4;
    %load/vec4a v000002aa0da36db0, 4;
    %load/vec4 v000002aa0da35a50_0;
    %pad/u 5;
    %ix/vec4 3;
    %ix/load 4, 0, 0; Constant delay
    %assign/vec4/a/d v000002aa0da35690, 0, 4;
T_0.31 ;
    %load/vec4 v000002aa0da36e50_0;
    %addi 1, 0, 8;
    %assign/vec4 v000002aa0da36e50_0, 0;
    %jmp T_0.20;
T_0.13 ;
    %load/vec4 v000002aa0da363b0_0;
    %load/vec4 v000002aa0da36130_0;
    %parti/s 8, 0, 2;
    %pad/u 10;
    %ix/vec4 3;
    %ix/load 4, 0, 0; Constant delay
    %assign/vec4/a/d v000002aa0da36db0, 0, 4;
    %load/vec4 v000002aa0da36e50_0;
    %addi 1, 0, 8;
    %assign/vec4 v000002aa0da36e50_0, 0;
    %jmp T_0.20;
T_0.14 ;
    %load/vec4 v000002aa0da35a50_0;
    %pad/u 32;
    %cmpi/ne 0, 0, 32;
    %jmp/0xz  T_0.33, 4;
    %load/vec4 v000002aa0da36310_0;
    %load/vec4 v000002aa0da35a50_0;
    %pad/u 5;
    %ix/vec4 3;
    %ix/load 4, 0, 0; Constant delay
    %assign/vec4/a/d v000002aa0da35690, 0, 4;
T_0.33 ;
    %load/vec4 v000002aa0da36e50_0;
    %addi 1, 0, 8;
    %assign/vec4 v000002aa0da36e50_0, 0;
    %jmp T_0.20;
T_0.15 ;
    %load/vec4 v000002aa0da35a50_0;
    %pad/u 32;
    %cmpi/ne 0, 0, 32;
    %jmp/0xz  T_0.35, 4;
    %load/vec4 v000002aa0da36130_0;
    %load/vec4 v000002aa0da35c30_0;
    %add;
    %load/vec4 v000002aa0da35a50_0;
    %pad/u 5;
    %ix/vec4 3;
    %ix/load 4, 0, 0; Constant delay
    %assign/vec4/a/d v000002aa0da35690, 0, 4;
T_0.35 ;
    %load/vec4 v000002aa0da36e50_0;
    %addi 1, 0, 8;
    %assign/vec4 v000002aa0da36e50_0, 0;
    %jmp T_0.20;
T_0.16 ;
    %load/vec4 v000002aa0da35e10_0;
    %pad/u 32;
    %cmpi/e 0, 0, 32;
    %jmp/0xz  T_0.37, 4;
    %load/vec4 v000002aa0da36e50_0;
    %load/vec4 v000002aa0da36310_0;
    %parti/s 8, 0, 2;
    %add;
    %assign/vec4 v000002aa0da36e50_0, 0;
    %jmp T_0.38;
T_0.37 ;
    %load/vec4 v000002aa0da36e50_0;
    %addi 1, 0, 8;
    %assign/vec4 v000002aa0da36e50_0, 0;
T_0.38 ;
    %jmp T_0.20;
T_0.17 ;
    %load/vec4 v000002aa0da35d70_0;
    %parti/s 8, 0, 2;
    %assign/vec4 v000002aa0da36e50_0, 0;
    %jmp T_0.20;
T_0.18 ;
    %pushi/vec4 1, 0, 1;
    %assign/vec4 v000002aa0da361d0_0, 0;
    %jmp T_0.20;
T_0.20 ;
    %pop/vec4 1;
T_0.4 ;
T_0.1 ;
    %jmp T_0;
    .thread T_0;
    .scope S_000002aa0d9c4e30;
T_1 ;
    %pushi/vec4 0, 0, 1;
    %store/vec4 v000002aa0da36450_0, 0, 1;
    %pushi/vec4 1, 0, 1;
    %store/vec4 v000002aa0da368b0_0, 0, 1;
    %end;
    .thread T_1, $init;
    .scope S_000002aa0d9c4e30;
T_2 ;
    %delay 5000, 0;
    %load/vec4 v000002aa0da36450_0;
    %inv;
    %store/vec4 v000002aa0da36450_0, 0, 1;
    %jmp T_2;
    .thread T_2;
    .scope S_000002aa0d9c4e30;
T_3 ;
    %vpi_call/w 3 10 "$dumpfile", "cpu.vcd" {0 0 0};
    %vpi_call/w 3 10 "$dumpvars", 32'sb00000000000000000000000000000000, S_000002aa0d9c4e30 {0 0 0};
    %vpi_call/w 3 11 "$readmemh", "program.hex", v000002aa0da36630 {0 0 0};
    %delay 12000, 0;
    %pushi/vec4 0, 0, 1;
    %store/vec4 v000002aa0da368b0_0, 0, 1;
T_3.0 ;
    %load/vec4 v000002aa0da36770_0;
    %pad/u 32;
    %pushi/vec4 1, 0, 32;
    %cmp/e;
    %flag_get/vec4 4;
    %cmpi/ne 1, 0, 1;
    %jmp/0xz T_3.1, 6;
    %wait E_000002aa0d9c3090;
    %jmp T_3.0;
T_3.1 ;
    %delay 10000, 0;
    %vpi_call/w 3 14 "$display", "== CPU halted ==" {0 0 0};
    %pushi/vec4 0, 0, 32;
    %store/vec4 v000002aa0da36810_0, 0, 32;
T_3.2 ;
    %load/vec4 v000002aa0da36810_0;
    %cmpi/s 8, 0, 32;
    %jmp/0xz T_3.3, 5;
    %vpi_call/w 3 16 "$display", "R%0d = %0d (0x%04h)", v000002aa0da36810_0, &A<v000002aa0da35690, v000002aa0da36810_0 >, &A<v000002aa0da35690, v000002aa0da36810_0 > {0 0 0};
    %load/vec4 v000002aa0da36810_0;
    %addi 1, 0, 32;
    %store/vec4 v000002aa0da36810_0, 0, 32;
    %jmp T_3.2;
T_3.3 ;
    %vpi_call/w 3 17 "$display", "dmem[0] = %0d (0x%04h)", &A<v000002aa0da36db0, 0>, &A<v000002aa0da36db0, 0> {0 0 0};
    %vpi_call/w 3 18 "$finish" {0 0 0};
    %end;
    .thread T_3;
    .scope S_000002aa0d9c4e30;
T_4 ;
    %delay 10000000, 0;
    %vpi_call/w 3 20 "$display", "TIMEOUT (no HLT)" {0 0 0};
    %vpi_call/w 3 20 "$finish" {0 0 0};
    %end;
    .thread T_4;
# The file index is used to find the file name in the following table.
:file_names 5;
    "N/A";
    "<interactive>";
    "-";
    "cpu_tb.v";
    "cpu.v";
