#! /c/Source/iverilog-install/bin/vvp
:ivl_version "12.0 (devel)" "(s20150603-1539-g2693dd32b)";
:ivl_delay_selection "TYPICAL";
:vpi_time_precision - 12;
:vpi_module "C:\iverilog\lib\ivl\system.vpi";
:vpi_module "C:\iverilog\lib\ivl\vhdl_sys.vpi";
:vpi_module "C:\iverilog\lib\ivl\vhdl_textio.vpi";
:vpi_module "C:\iverilog\lib\ivl\v2005_math.vpi";
:vpi_module "C:\iverilog\lib\ivl\va_math.vpi";
:vpi_module "C:\iverilog\lib\ivl\v2009.vpi";
S_000001ca52864e10 .scope package, "$unit" "$unit" 2 1;
 .timescale 0 0;
S_000001ca528634d0 .scope module, "vga_tb" "vga_tb" 3 3;
 .timescale -9 -12;
v000001ca528ca1e0_0 .net "blue", 3 0, L_000001ca52916820;  1 drivers
v000001ca528ca5a0_0 .var "clk", 0 0;
v000001ca528cb860_0 .var/i "f", 31 0;
v000001ca528cb9a0 .array "fb", 307199 0, 11 0;
v000001ca528cba40_0 .net "green", 3 0, L_000001ca52916780;  1 drivers
v000001ca528c9ba0_0 .net "hpos", 9 0, v000001ca528cb720_0;  1 drivers
v000001ca528cb0e0_0 .net "hsync", 0 0, L_000001ca528615e0;  1 drivers
v000001ca528ca780_0 .net "red", 3 0, L_000001ca52915560;  1 drivers
v000001ca528cad20_0 .var "rst", 0 0;
v000001ca528ca280_0 .net "visible", 0 0, L_000001ca528612d0;  1 drivers
v000001ca528cadc0_0 .net "vpos", 9 0, v000001ca528cb900_0;  1 drivers
v000001ca528c9ce0_0 .net "vsync", 0 0, L_000001ca52861260;  1 drivers
v000001ca528ca640_0 .var/i "x", 31 0;
v000001ca528cae60_0 .var/i "y", 31 0;
E_000001ca52864850 .event negedge, v000001ca528cabe0_0;
S_000001ca52875fa0 .scope module, "uut" "vga" 3 11, 4 3 0, S_000001ca528634d0;
 .timescale 0 0;
    .port_info 0 /INPUT 1 "clk";
    .port_info 1 /INPUT 1 "rst";
    .port_info 2 /OUTPUT 10 "hpos";
    .port_info 3 /OUTPUT 10 "vpos";
    .port_info 4 /OUTPUT 1 "hsync";
    .port_info 5 /OUTPUT 1 "vsync";
    .port_info 6 /OUTPUT 1 "visible";
    .port_info 7 /OUTPUT 4 "red";
    .port_info 8 /OUTPUT 4 "green";
    .port_info 9 /OUTPUT 4 "blue";
P_000001ca5286bc60 .param/l "H_BACK" 1 4 15, +C4<00000000000000000000000000110000>;
P_000001ca5286bc98 .param/l "H_FRONT" 1 4 15, +C4<00000000000000000000000000010000>;
P_000001ca5286bcd0 .param/l "H_SYNC" 1 4 15, +C4<00000000000000000000000001100000>;
P_000001ca5286bd08 .param/l "H_TOTAL" 1 4 17, +C4<00000000000000000000000001100100000>;
P_000001ca5286bd40 .param/l "H_VISIBLE" 1 4 15, +C4<00000000000000000000001010000000>;
P_000001ca5286bd78 .param/l "V_BACK" 1 4 16, +C4<00000000000000000000000000100001>;
P_000001ca5286bdb0 .param/l "V_FRONT" 1 4 16, +C4<00000000000000000000000000001010>;
P_000001ca5286bde8 .param/l "V_SYNC" 1 4 16, +C4<00000000000000000000000000000010>;
P_000001ca5286be20 .param/l "V_TOTAL" 1 4 18, +C4<00000000000000000000000001000001101>;
P_000001ca5286be58 .param/l "V_VISIBLE" 1 4 16, +C4<00000000000000000000000111100000>;
L_000001ca52861490 .functor AND 1, L_000001ca528caf00, L_000001ca528c9d80, C4<1>, C4<1>;
L_000001ca528615e0 .functor NOT 1, L_000001ca52861490, C4<0>, C4<0>, C4<0>;
L_000001ca52861810 .functor AND 1, L_000001ca528cb220, L_000001ca528c9ec0, C4<1>, C4<1>;
L_000001ca52861260 .functor NOT 1, L_000001ca52861810, C4<0>, C4<0>, C4<0>;
L_000001ca528612d0 .functor AND 1, L_000001ca528ca140, L_000001ca528cb4a0, C4<1>, C4<1>;
v000001ca5285e0c0_0 .net *"_ivl_0", 31 0, L_000001ca528ca0a0;  1 drivers
L_000001ca528cce18 .functor BUFT 1, C4<0000000000000000000000>, C4<0>, C4<0>, C4<0>;
v000001ca5285e7a0_0 .net *"_ivl_11", 21 0, L_000001ca528cce18;  1 drivers
L_000001ca528cce60 .functor BUFT 1, C4<00000000000000000000001011110000>, C4<0>, C4<0>, C4<0>;
v000001ca5285dc60_0 .net/2u *"_ivl_12", 31 0, L_000001ca528cce60;  1 drivers
v000001ca5285e660_0 .net *"_ivl_14", 0 0, L_000001ca528c9d80;  1 drivers
v000001ca5285e700_0 .net *"_ivl_17", 0 0, L_000001ca52861490;  1 drivers
v000001ca5285d8a0_0 .net *"_ivl_20", 31 0, L_000001ca528cb180;  1 drivers
L_000001ca528ccea8 .functor BUFT 1, C4<0000000000000000000000>, C4<0>, C4<0>, C4<0>;
v000001ca5285d940_0 .net *"_ivl_23", 21 0, L_000001ca528ccea8;  1 drivers
L_000001ca528ccef0 .functor BUFT 1, C4<00000000000000000000000111101010>, C4<0>, C4<0>, C4<0>;
v000001ca5285e160_0 .net/2u *"_ivl_24", 31 0, L_000001ca528ccef0;  1 drivers
v000001ca5285da80_0 .net *"_ivl_26", 0 0, L_000001ca528cb220;  1 drivers
v000001ca5285e340_0 .net *"_ivl_28", 31 0, L_000001ca528c9f60;  1 drivers
L_000001ca528ccd88 .functor BUFT 1, C4<0000000000000000000000>, C4<0>, C4<0>, C4<0>;
v000001ca5285d9e0_0 .net *"_ivl_3", 21 0, L_000001ca528ccd88;  1 drivers
L_000001ca528ccf38 .functor BUFT 1, C4<0000000000000000000000>, C4<0>, C4<0>, C4<0>;
v000001ca5285db20_0 .net *"_ivl_31", 21 0, L_000001ca528ccf38;  1 drivers
L_000001ca528ccf80 .functor BUFT 1, C4<00000000000000000000000111101100>, C4<0>, C4<0>, C4<0>;
v000001ca5285e480_0 .net/2u *"_ivl_32", 31 0, L_000001ca528ccf80;  1 drivers
v000001ca5285e3e0_0 .net *"_ivl_34", 0 0, L_000001ca528c9ec0;  1 drivers
v000001ca528ca320_0 .net *"_ivl_37", 0 0, L_000001ca52861810;  1 drivers
L_000001ca528ccdd0 .functor BUFT 1, C4<00000000000000000000001010010000>, C4<0>, C4<0>, C4<0>;
v000001ca528ca3c0_0 .net/2u *"_ivl_4", 31 0, L_000001ca528ccdd0;  1 drivers
v000001ca528cab40_0 .net *"_ivl_40", 31 0, L_000001ca528cb2c0;  1 drivers
L_000001ca528ccfc8 .functor BUFT 1, C4<0000000000000000000000>, C4<0>, C4<0>, C4<0>;
v000001ca528cb7c0_0 .net *"_ivl_43", 21 0, L_000001ca528ccfc8;  1 drivers
L_000001ca528cd010 .functor BUFT 1, C4<00000000000000000000001010000000>, C4<0>, C4<0>, C4<0>;
v000001ca528ca500_0 .net/2u *"_ivl_44", 31 0, L_000001ca528cd010;  1 drivers
v000001ca528ca6e0_0 .net *"_ivl_46", 0 0, L_000001ca528ca140;  1 drivers
v000001ca528cb540_0 .net *"_ivl_48", 31 0, L_000001ca528cb400;  1 drivers
L_000001ca528cd058 .functor BUFT 1, C4<0000000000000000000000>, C4<0>, C4<0>, C4<0>;
v000001ca528cb040_0 .net *"_ivl_51", 21 0, L_000001ca528cd058;  1 drivers
L_000001ca528cd0a0 .functor BUFT 1, C4<00000000000000000000000111100000>, C4<0>, C4<0>, C4<0>;
v000001ca528ca460_0 .net/2u *"_ivl_52", 31 0, L_000001ca528cd0a0;  1 drivers
v000001ca528caa00_0 .net *"_ivl_54", 0 0, L_000001ca528cb4a0;  1 drivers
v000001ca528cb680_0 .net *"_ivl_6", 0 0, L_000001ca528caf00;  1 drivers
v000001ca528ca8c0_0 .net *"_ivl_63", 11 0, v000001ca528cb5e0_0;  1 drivers
v000001ca528ca960_0 .net *"_ivl_8", 31 0, L_000001ca528cafa0;  1 drivers
v000001ca528ca820_0 .net "blue", 3 0, L_000001ca52916820;  alias, 1 drivers
v000001ca528cabe0_0 .net "clk", 0 0, v000001ca528ca5a0_0;  1 drivers
v000001ca528c9c40_0 .net "green", 3 0, L_000001ca52916780;  alias, 1 drivers
v000001ca528cb720_0 .var "hpos", 9 0;
v000001ca528caaa0_0 .net "hsync", 0 0, L_000001ca528615e0;  alias, 1 drivers
v000001ca528cac80_0 .net "red", 3 0, L_000001ca52915560;  alias, 1 drivers
v000001ca528cb5e0_0 .var "rgb", 11 0;
v000001ca528ca000_0 .net "rst", 0 0, v000001ca528cad20_0;  1 drivers
v000001ca528c9e20_0 .net "visible", 0 0, L_000001ca528612d0;  alias, 1 drivers
v000001ca528cb900_0 .var "vpos", 9 0;
v000001ca528cb360_0 .net "vsync", 0 0, L_000001ca52861260;  alias, 1 drivers
E_000001ca52863ed0 .event anyedge, v000001ca528c9e20_0, v000001ca528cb720_0, v000001ca528cb900_0;
E_000001ca52864490 .event posedge, v000001ca528ca000_0, v000001ca528cabe0_0;
L_000001ca528ca0a0 .concat [ 10 22 0 0], v000001ca528cb720_0, L_000001ca528ccd88;
L_000001ca528caf00 .cmp/ge 32, L_000001ca528ca0a0, L_000001ca528ccdd0;
L_000001ca528cafa0 .concat [ 10 22 0 0], v000001ca528cb720_0, L_000001ca528cce18;
L_000001ca528c9d80 .cmp/gt 32, L_000001ca528cce60, L_000001ca528cafa0;
L_000001ca528cb180 .concat [ 10 22 0 0], v000001ca528cb900_0, L_000001ca528ccea8;
L_000001ca528cb220 .cmp/ge 32, L_000001ca528cb180, L_000001ca528ccef0;
L_000001ca528c9f60 .concat [ 10 22 0 0], v000001ca528cb900_0, L_000001ca528ccf38;
L_000001ca528c9ec0 .cmp/gt 32, L_000001ca528ccf80, L_000001ca528c9f60;
L_000001ca528cb2c0 .concat [ 10 22 0 0], v000001ca528cb720_0, L_000001ca528ccfc8;
L_000001ca528ca140 .cmp/gt 32, L_000001ca528cd010, L_000001ca528cb2c0;
L_000001ca528cb400 .concat [ 10 22 0 0], v000001ca528cb900_0, L_000001ca528cd058;
L_000001ca528cb4a0 .cmp/gt 32, L_000001ca528cd0a0, L_000001ca528cb400;
L_000001ca52915560 .part v000001ca528cb5e0_0, 8, 4;
L_000001ca52916780 .part v000001ca528cb5e0_0, 4, 4;
L_000001ca52916820 .part v000001ca528cb5e0_0, 0, 4;
    .scope S_000001ca52875fa0;
T_0 ;
    %wait E_000001ca52864490;
    %load/vec4 v000001ca528ca000_0;
    %flag_set/vec4 8;
    %jmp/0xz  T_0.0, 8;
    %pushi/vec4 0, 0, 10;
    %assign/vec4 v000001ca528cb720_0, 0;
    %pushi/vec4 0, 0, 10;
    %assign/vec4 v000001ca528cb900_0, 0;
    %jmp T_0.1;
T_0.0 ;
    %load/vec4 v000001ca528cb720_0;
    %pad/u 35;
    %cmpi/e 799, 0, 35;
    %jmp/0xz  T_0.2, 4;
    %pushi/vec4 0, 0, 10;
    %assign/vec4 v000001ca528cb720_0, 0;
    %load/vec4 v000001ca528cb900_0;
    %pad/u 35;
    %cmpi/e 524, 0, 35;
    %flag_mov 8, 4;
    %jmp/0 T_0.4, 8;
    %pushi/vec4 0, 0, 10;
    %jmp/1 T_0.5, 8;
T_0.4 ; End of true expr.
    %load/vec4 v000001ca528cb900_0;
    %addi 1, 0, 10;
    %jmp/0 T_0.5, 8;
 ; End of false expr.
    %blend;
T_0.5;
    %assign/vec4 v000001ca528cb900_0, 0;
    %jmp T_0.3;
T_0.2 ;
    %load/vec4 v000001ca528cb720_0;
    %addi 1, 0, 10;
    %assign/vec4 v000001ca528cb720_0, 0;
T_0.3 ;
T_0.1 ;
    %jmp T_0;
    .thread T_0;
    .scope S_000001ca52875fa0;
T_1 ;
    %wait E_000001ca52863ed0;
    %load/vec4 v000001ca528c9e20_0;
    %nor/r;
    %flag_set/vec4 8;
    %jmp/0xz  T_1.0, 8;
    %pushi/vec4 0, 0, 12;
    %store/vec4 v000001ca528cb5e0_0, 0, 12;
    %jmp T_1.1;
T_1.0 ;
    %load/vec4 v000001ca528cb720_0;
    %pad/u 32;
    %cmpi/u 220, 0, 32;
    %flag_inv 5; GE is !LT
    %flag_get/vec4 5;
    %jmp/0 T_1.6, 5;
    %load/vec4 v000001ca528cb720_0;
    %pad/u 32;
    %cmpi/u 420, 0, 32;
    %flag_get/vec4 5;
    %and;
T_1.6;
    %flag_set/vec4 10;
    %flag_get/vec4 10;
    %jmp/0 T_1.5, 10;
    %pushi/vec4 165, 0, 32;
    %load/vec4 v000001ca528cb900_0;
    %pad/u 32;
    %cmp/u;
    %flag_get/vec4 4;
    %flag_get/vec4 5;
    %or;
    %and;
T_1.5;
    %flag_set/vec4 9;
    %flag_get/vec4 9;
    %jmp/0 T_1.4, 9;
    %load/vec4 v000001ca528cb900_0;
    %pad/u 32;
    %cmpi/u 315, 0, 32;
    %flag_get/vec4 5;
    %and;
T_1.4;
    %flag_set/vec4 8;
    %jmp/0xz  T_1.2, 8;
    %pushi/vec4 3840, 0, 12;
    %store/vec4 v000001ca528cb5e0_0, 0, 12;
    %jmp T_1.3;
T_1.2 ;
    %pushi/vec4 15, 0, 12;
    %store/vec4 v000001ca528cb5e0_0, 0, 12;
T_1.3 ;
T_1.1 ;
    %jmp T_1;
    .thread T_1, $push;
    .scope S_000001ca528634d0;
T_2 ;
    %pushi/vec4 0, 0, 1;
    %store/vec4 v000001ca528ca5a0_0, 0, 1;
    %pushi/vec4 1, 0, 1;
    %store/vec4 v000001ca528cad20_0, 0, 1;
    %end;
    .thread T_2, $init;
    .scope S_000001ca528634d0;
T_3 ;
    %delay 20000, 0;
    %load/vec4 v000001ca528ca5a0_0;
    %inv;
    %store/vec4 v000001ca528ca5a0_0, 0, 1;
    %jmp T_3;
    .thread T_3;
    .scope S_000001ca528634d0;
T_4 ;
    %wait E_000001ca52864850;
    %load/vec4 v000001ca528cad20_0;
    %nor/r;
    %flag_set/vec4 9;
    %flag_get/vec4 9;
    %jmp/0 T_4.2, 9;
    %load/vec4 v000001ca528ca280_0;
    %and;
T_4.2;
    %flag_set/vec4 8;
    %jmp/0xz  T_4.0, 8;
    %load/vec4 v000001ca528ca780_0;
    %load/vec4 v000001ca528cba40_0;
    %concat/vec4; draw_concat_vec4
    %load/vec4 v000001ca528ca1e0_0;
    %concat/vec4; draw_concat_vec4
    %load/vec4 v000001ca528cadc0_0;
    %pad/u 32;
    %muli 640, 0, 32;
    %load/vec4 v000001ca528c9ba0_0;
    %pad/u 32;
    %add;
    %ix/vec4 4;
    %store/vec4a v000001ca528cb9a0, 4, 0;
T_4.0 ;
    %jmp T_4;
    .thread T_4;
    .scope S_000001ca528634d0;
T_5 ;
    %pushi/vec4 3, 0, 32;
T_5.0 %dup/vec4;
    %pushi/vec4 0, 0, 32;
    %cmp/s;
    %jmp/1xz T_5.1, 5;
    %jmp/1 T_5.1, 4;
    %pushi/vec4 1, 0, 32;
    %sub;
    %wait E_000001ca52864850;
    %jmp T_5.0;
T_5.1 ;
    %pop/vec4 1;
    %pushi/vec4 0, 0, 1;
    %store/vec4 v000001ca528cad20_0, 0, 1;
    %pushi/vec4 422000, 0, 32;
T_5.2 %dup/vec4;
    %pushi/vec4 0, 0, 32;
    %cmp/s;
    %jmp/1xz T_5.3, 5;
    %jmp/1 T_5.3, 4;
    %pushi/vec4 1, 0, 32;
    %sub;
    %wait E_000001ca52864850;
    %jmp T_5.2;
T_5.3 ;
    %pop/vec4 1;
    %vpi_func 3 27 "$fopen" 32, "frame.ppm", "w" {0 0 0};
    %store/vec4 v000001ca528cb860_0, 0, 32;
    %vpi_call/w 3 28 "$fwrite", v000001ca528cb860_0, "P3\012640 480\01215\012" {0 0 0};
    %pushi/vec4 0, 0, 32;
    %store/vec4 v000001ca528cae60_0, 0, 32;
T_5.4 ;
    %load/vec4 v000001ca528cae60_0;
    %cmpi/s 480, 0, 32;
    %jmp/0xz T_5.5, 5;
    %pushi/vec4 0, 0, 32;
    %store/vec4 v000001ca528ca640_0, 0, 32;
T_5.6 ;
    %load/vec4 v000001ca528ca640_0;
    %cmpi/s 640, 0, 32;
    %jmp/0xz T_5.7, 5;
    %load/vec4 v000001ca528cae60_0;
    %muli 640, 0, 32;
    %load/vec4 v000001ca528ca640_0;
    %add;
    %ix/vec4/s 4;
    %load/vec4a v000001ca528cb9a0, 4;
    %parti/s 4, 8, 5;
    %load/vec4 v000001ca528cae60_0;
    %muli 640, 0, 32;
    %load/vec4 v000001ca528ca640_0;
    %add;
    %ix/vec4/s 4;
    %load/vec4a v000001ca528cb9a0, 4;
    %parti/s 4, 4, 4;
    %load/vec4 v000001ca528cae60_0;
    %muli 640, 0, 32;
    %load/vec4 v000001ca528ca640_0;
    %add;
    %ix/vec4/s 4;
    %load/vec4a v000001ca528cb9a0, 4;
    %parti/s 4, 0, 2;
    %vpi_call/w 3 31 "$fwrite", v000001ca528cb860_0, "%0d %0d %0d\012", S<2,vec4,u4>, S<1,vec4,u4>, S<0,vec4,u4> {3 0 0};
    %load/vec4 v000001ca528ca640_0;
    %addi 1, 0, 32;
    %store/vec4 v000001ca528ca640_0, 0, 32;
    %jmp T_5.6;
T_5.7 ;
    %load/vec4 v000001ca528cae60_0;
    %addi 1, 0, 32;
    %store/vec4 v000001ca528cae60_0, 0, 32;
    %jmp T_5.4;
T_5.5 ;
    %vpi_call/w 3 33 "$fclose", v000001ca528cb860_0 {0 0 0};
    %vpi_call/w 3 34 "$display", "Wrote frame.ppm (640x480)" {0 0 0};
    %vpi_call/w 3 35 "$finish" {0 0 0};
    %end;
    .thread T_5;
# The file index is used to find the file name in the following table.
:file_names 5;
    "N/A";
    "<interactive>";
    "-";
    "vga_tb.v";
    "vga.v";
